c:\users\olema\documents\github\test\sdl\sdlproject\x64\debug\vc142.pdb
c:\users\olema\documents\github\test\sdl\sdlproject\x64\debug\vc142.idb
c:\users\olema\documents\github\test\sdl\sdlproject\x64\debug\sprite.obj
c:\users\olema\documents\github\test\sdl\sdlproject\x64\debug\source.obj
c:\users\olema\documents\github\test\sdl\sdlproject\x64\debug\invader.obj
c:\users\olema\documents\github\test\sdl\sdlproject\x64\debug\engine.obj
c:\users\olema\documents\github\test\sdl\sdlproject\x64\debug\bullet.obj
c:\users\olema\documents\github\test\sdl\sdlproject\x64\debug\player.obj
c:\users\olema\source\repos\mpx9411\cprog_inlupp\sdl\sdlproject\x64\debug\bullet.obj
c:\users\olema\source\repos\mpx9411\cprog_inlupp\sdl\sdlproject\x64\debug\engine.obj
c:\users\olema\source\repos\mpx9411\cprog_inlupp\sdl\sdlproject\x64\debug\invader.obj
c:\users\olema\source\repos\mpx9411\cprog_inlupp\sdl\sdlproject\x64\debug\player.obj
c:\users\olema\source\repos\mpx9411\cprog_inlupp\sdl\sdlproject\x64\debug\source.obj
c:\users\olema\source\repos\mpx9411\cprog_inlupp\sdl\sdlproject\x64\debug\sprite.obj
c:\users\olema\source\repos\mpx9411\cprog_inlupp\sdl\sdlproject\x64\debug\vc142.idb
c:\users\olema\source\repos\mpx9411\cprog_inlupp\sdl\sdlproject\x64\debug\sdlproject.pdb
c:\users\olema\source\repos\mpx9411\cprog_inlupp\sdl\sdlproject\x64\debug\vc142.pdb
c:\users\olema\source\repos\mpx9411\cprog_inlupp\sdl\sdlproject\x64\debug\sdlproject.tlog\cl.command.1.tlog
c:\users\olema\source\repos\mpx9411\cprog_inlupp\sdl\sdlproject\x64\debug\sdlproject.tlog\cl.read.1.tlog
c:\users\olema\source\repos\mpx9411\cprog_inlupp\sdl\sdlproject\x64\debug\sdlproject.tlog\cl.write.1.tlog
c:\users\olema\source\repos\mpx9411\cprog_inlupp\sdl\sdlproject\x64\debug\sdlproject.tlog\link-cvtres.read.1.tlog
c:\users\olema\source\repos\mpx9411\cprog_inlupp\sdl\sdlproject\x64\debug\sdlproject.tlog\link-cvtres.write.1.tlog
c:\users\olema\source\repos\mpx9411\cprog_inlupp\sdl\sdlproject\x64\debug\sdlproject.tlog\link-rc.read.1.tlog
c:\users\olema\source\repos\mpx9411\cprog_inlupp\sdl\sdlproject\x64\debug\sdlproject.tlog\link-rc.write.1.tlog
c:\users\olema\source\repos\mpx9411\cprog_inlupp\sdl\sdlproject\x64\debug\sdlproject.tlog\link.command.1.tlog
c:\users\olema\source\repos\mpx9411\cprog_inlupp\sdl\sdlproject\x64\debug\sdlproject.tlog\link.read.1.tlog
c:\users\olema\source\repos\mpx9411\cprog_inlupp\sdl\sdlproject\x64\debug\sdlproject.tlog\link.write.1.tlog
